<?xml version="1.0" encoding="UTF-8"?>
<!-- Generated by org.testng.reporters.JUnitReportReporter -->
<testsuite hostname="Gouri" failures="0" tests="1" name="ASTest" time="12.067" errors="0" timestamp="2023-04-03T18:28:39 IST" skipped="0">
  <testcase classname="ASTest" name="HomepageCheck" time="12.067"/>
  <system-out/>
</testsuite> <!-- ASTest -->
