<?xml version="1.0" encoding="UTF-8"?>
<!-- Generated by org.testng.reporters.JUnitReportReporter -->
<testsuite hostname="Gouri" failures="0" tests="1" name="GoogleTest" time="15.424" errors="0" timestamp="2023-04-03T18:28:39 IST" skipped="0">
  <testcase classname="GoogleTest" name="HomepageCheck" time="15.424"/>
  <system-out/>
</testsuite> <!-- GoogleTest -->
